# JRE version: OpenJDK Runtime Environment (8.0_111-b16) (build 1.8.0_111-b16)
# Java VM: OpenJDK 64-Bit Server VM (25.111-b16 mixed mode linux-amd64 compressed oops)
Heap:
 PSYoungGen      total 508928K, used 32K [0x00000000d7180000, 0x00000000f6380000, 0x0000000100000000)
  eden space 507904K, 0% used [0x00000000d7180000,0x00000000d7180000,0x00000000f6180000)
  from space 1024K, 3% used [0x00000000f6180000,0x00000000f6188000,0x00000000f6280000)
  to   space 1024K, 0% used [0x00000000f6280000,0x00000000f6280000,0x00000000f6380000)
 ParOldGen       total 84992K, used 610K [0x0000000085400000, 0x000000008a700000, 0x00000000d7180000)
  object space 84992K, 0% used [0x0000000085400000,0x0000000085498bd0,0x000000008a700000)
 Metaspace       used 2878K, capacity 4500K, committed 4864K, reserved 1056768K
  class space    used 273K, capacity 388K, committed 512K, reserved 1048576K
GC Heap History (10 events):
Event: 0,429 GC heap after
Heap after GC invocations=4 (full 0):
 PSYoungGen      total 132096K, used 640K [0x00000000d7180000, 0x00000000df780000, 0x0000000100000000)
  eden space 126976K, 0% used [0x00000000d7180000,0x00000000d7180000,0x00000000ded80000)
  from space 5120K, 12% used [0x00000000df280000,0x00000000df320000,0x00000000df780000)
  to   space 5120K, 0% used [0x00000000ded80000,0x00000000ded80000,0x00000000df280000)
 ParOldGen       total 84992K, used 24K [0x0000000085400000, 0x000000008a700000, 0x00000000d7180000)
  object space 84992K, 0% used [0x0000000085400000,0x0000000085406000,0x000000008a700000)
 Metaspace       used 2878K, capacity 4500K, committed 4864K, reserved 1056768K
  class space    used 273K, capacity 388K, committed 512K, reserved 1048576K
}
Event: 0,528 GC heap before
{Heap before GC invocations=5 (full 0):
 PSYoungGen      total 132096K, used 127616K [0x00000000d7180000, 0x00000000df780000, 0x0000000100000000)
  eden space 126976K, 100% used [0x00000000d7180000,0x00000000ded80000,0x00000000ded80000)
  from space 5120K, 12% used [0x00000000df280000,0x00000000df320000,0x00000000df780000)
  to   space 5120K, 0% used [0x00000000ded80000,0x00000000ded80000,0x00000000df280000)
 ParOldGen       total 84992K, used 24K [0x0000000085400000, 0x000000008a700000, 0x00000000d7180000)
  object space 84992K, 0% used [0x0000000085400000,0x0000000085406000,0x000000008a700000)
 Metaspace       used 2878K, capacity 4500K, committed 4864K, reserved 1056768K
  class space    used 273K, capacity 388K, committed 512K, reserved 1048576K
Event: 0,537 GC heap after
Heap after GC invocations=5 (full 0):
 PSYoungGen      total 132096K, used 608K [0x00000000d7180000, 0x00000000e6b80000, 0x0000000100000000)
  eden space 126976K, 0% used [0x00000000d7180000,0x00000000d7180000,0x00000000ded80000)
  from space 5120K, 11% used [0x00000000ded80000,0x00000000dee18000,0x00000000df280000)
  to   space 1024K, 0% used [0x00000000e6a80000,0x00000000e6a80000,0x00000000e6b80000)
 ParOldGen       total 84992K, used 24K [0x0000000085400000, 0x000000008a700000, 0x00000000d7180000)
  object space 84992K, 0% used [0x0000000085400000,0x0000000085406000,0x000000008a700000)
 Metaspace       used 2878K, capacity 4500K, committed 4864K, reserved 1056768K
  class space    used 273K, capacity 388K, committed 512K, reserved 1048576K
}
Event: 0,610 GC heap before
{Heap before GC invocations=6 (full 0):
 PSYoungGen      total 132096K, used 127584K [0x00000000d7180000, 0x00000000e6b80000, 0x0000000100000000)
  eden space 126976K, 100% used [0x00000000d7180000,0x00000000ded80000,0x00000000ded80000)
  from space 5120K, 11% used [0x00000000ded80000,0x00000000dee18000,0x00000000df280000)
  to   space 1024K, 0% used [0x00000000e6a80000,0x00000000e6a80000,0x00000000e6b80000)
 ParOldGen       total 84992K, used 24K [0x0000000085400000, 0x000000008a700000, 0x00000000d7180000)
  object space 84992K, 0% used [0x0000000085400000,0x0000000085406000,0x000000008a700000)
 Metaspace       used 2878K, capacity 4500K, committed 4864K, reserved 1056768K
  class space    used 273K, capacity 388K, committed 512K, reserved 1048576K
Event: 0,612 GC heap after
Heap after GC invocations=6 (full 0):
 PSYoungGen      total 254976K, used 640K [0x00000000d7180000, 0x00000000e6b80000, 0x0000000100000000)
  eden space 253952K, 0% used [0x00000000d7180000,0x00000000d7180000,0x00000000e6980000)
  from space 1024K, 62% used [0x00000000e6a80000,0x00000000e6b20000,0x00000000e6b80000)
  to   space 1024K, 0% used [0x00000000e6980000,0x00000000e6980000,0x00000000e6a80000)
 ParOldGen       total 84992K, used 24K [0x0000000085400000, 0x000000008a700000, 0x00000000d7180000)
  object space 84992K, 0% used [0x0000000085400000,0x0000000085406000,0x000000008a700000)
 Metaspace       used 2878K, capacity 4500K, committed 4864K, reserved 1056768K
  class space    used 273K, capacity 388K, committed 512K, reserved 1048576K
}
Event: 0,854 GC heap before
{Heap before GC invocations=7 (full 0):
 PSYoungGen      total 254976K, used 254592K [0x00000000d7180000, 0x00000000e6b80000, 0x0000000100000000)
  eden space 253952K, 100% used [0x00000000d7180000,0x00000000e6980000,0x00000000e6980000)
  from space 1024K, 62% used [0x00000000e6a80000,0x00000000e6b20000,0x00000000e6b80000)
  to   space 1024K, 0% used [0x00000000e6980000,0x00000000e6980000,0x00000000e6a80000)
 ParOldGen       total 84992K, used 24K [0x0000000085400000, 0x000000008a700000, 0x00000000d7180000)
  object space 84992K, 0% used [0x0000000085400000,0x0000000085406000,0x000000008a700000)
 Metaspace       used 2878K, capacity 4500K, committed 4864K, reserved 1056768K
  class space    used 273K, capacity 388K, committed 512K, reserved 1048576K
Event: 0,858 GC heap after
Heap after GC invocations=7 (full 0):
 PSYoungGen      total 254976K, used 32K [0x00000000d7180000, 0x00000000f6380000, 0x0000000100000000)
  eden space 253952K, 0% used [0x00000000d7180000,0x00000000d7180000,0x00000000e6980000)
  from space 1024K, 3% used [0x00000000e6980000,0x00000000e6988000,0x00000000e6a80000)
  to   space 1024K, 0% used [0x00000000f6280000,0x00000000f6280000,0x00000000f6380000)
 ParOldGen       total 84992K, used 610K [0x0000000085400000, 0x000000008a700000, 0x00000000d7180000)
  object space 84992K, 0% used [0x0000000085400000,0x0000000085498bd0,0x000000008a700000)
 Metaspace       used 2878K, capacity 4500K, committed 4864K, reserved 1056768K
  class space    used 273K, capacity 388K, committed 512K, reserved 1048576K
}
Event: 1,021 GC heap before
{Heap before GC invocations=8 (full 0):
 PSYoungGen      total 254976K, used 253984K [0x00000000d7180000, 0x00000000f6380000, 0x0000000100000000)
  eden space 253952K, 100% used [0x00000000d7180000,0x00000000e6980000,0x00000000e6980000)
  from space 1024K, 3% used [0x00000000e6980000,0x00000000e6988000,0x00000000e6a80000)
  to   space 1024K, 0% used [0x00000000f6280000,0x00000000f6280000,0x00000000f6380000)
 ParOldGen       total 84992K, used 610K [0x0000000085400000, 0x000000008a700000, 0x00000000d7180000)
  object space 84992K, 0% used [0x0000000085400000,0x0000000085498bd0,0x000000008a700000)
 Metaspace       used 2878K, capacity 4500K, committed 4864K, reserved 1056768K
  class space    used 273K, capacity 388K, committed 512K, reserved 1048576K
Event: 1,023 GC heap after
Heap after GC invocations=8 (full 0):
 PSYoungGen      total 508928K, used 32K [0x00000000d7180000, 0x00000000f6380000, 0x0000000100000000)
  eden space 507904K, 0% used [0x00000000d7180000,0x00000000d7180000,0x00000000f6180000)
  from space 1024K, 3% used [0x00000000f6280000,0x00000000f6288000,0x00000000f6380000)
  to   space 1024K, 0% used [0x00000000f6180000,0x00000000f6180000,0x00000000f6280000)
 ParOldGen       total 84992K, used 610K [0x0000000085400000, 0x000000008a700000, 0x00000000d7180000)
  object space 84992K, 0% used [0x0000000085400000,0x0000000085498bd0,0x000000008a700000)
 Metaspace       used 2878K, capacity 4500K, committed 4864K, reserved 1056768K
  class space    used 273K, capacity 388K, committed 512K, reserved 1048576K
}
Event: 1,503 GC heap before
{Heap before GC invocations=9 (full 0):
 PSYoungGen      total 508928K, used 507936K [0x00000000d7180000, 0x00000000f6380000, 0x0000000100000000)
  eden space 507904K, 100% used [0x00000000d7180000,0x00000000f6180000,0x00000000f6180000)
  from space 1024K, 3% used [0x00000000f6280000,0x00000000f6288000,0x00000000f6380000)
  to   space 1024K, 0% used [0x00000000f6180000,0x00000000f6180000,0x00000000f6280000)
 ParOldGen       total 84992K, used 610K [0x0000000085400000, 0x000000008a700000, 0x00000000d7180000)
  object space 84992K, 0% used [0x0000000085400000,0x0000000085498bd0,0x000000008a700000)
 Metaspace       used 2878K, capacity 4500K, committed 4864K, reserved 1056768K
  class space    used 273K, capacity 388K, committed 512K, reserved 1048576K

